<?xml version="1.0" encoding="UTF-8"?>
<!-- Generated by org.testng.reporters.JUnitXMLReporter -->
<testsuite ignored="6" hostname="DESKTOP-ADVCTHG" failures="0" tests="2" name="Test" time="25.421" errors="0" timestamp="27 Mar 2025 11:52:26 GMT">
  <testcase classname="Com.ComCast.CRM.OrgnizationTest.CreateOrgTest" name="createOrg" time="8.943"/>
  <testcase classname="Com.ComCast.CRM.ContactTest.CreateContactTest" name="createContact" time="8.714"/>
  <testcase classname="Com.ComCast.CRM.ContactTest.CreateContactTest" name="createContactWithSupportStartDateAndEndDateTest" time="0.0">
    <ignored/>
  </testcase> <!-- createContactWithSupportStartDateAndEndDateTest -->
  <testcase classname="Com.ComCast.CRM.Generic.BaseUtility.BaseClass" name="@AfterSuite configAS" time="0.0">
    <ignored/>
  </testcase> <!-- @AfterSuite configAS -->
  <testcase classname="Com.ComCast.CRM.OrgnizationTest.CreateOrgTest" name="createOrganizationWithIndustriesTest" time="0.0">
    <ignored/>
  </testcase> <!-- createOrganizationWithIndustriesTest -->
  <testcase classname="Com.ComCast.CRM.Generic.BaseUtility.BaseClass" name="@BeforeSuite configBS" time="0.0">
    <ignored/>
  </testcase> <!-- @BeforeSuite configBS -->
  <testcase classname="Com.ComCast.CRM.ContactTest.CreateContactTest" name="createContactWithOrgTest" time="0.0">
    <ignored/>
  </testcase> <!-- createContactWithOrgTest -->
  <testcase classname="Com.ComCast.CRM.OrgnizationTest.CreateOrgTest" name="createOrgnizationWithPhoneNumberTest" time="0.0">
    <ignored/>
  </testcase> <!-- createOrgnizationWithPhoneNumberTest -->
</testsuite> <!-- Test -->
