<?xml version="1.0" encoding="UTF-8"?>
<!-- Generated by org.testng.reporters.JUnitXMLReporter -->
<testsuite ignored="2" hostname="DESKTOP-ADVCTHG" failures="0" tests="6" name="TestRunner-Firefox" time="105.442" errors="0" timestamp="27 Feb 2025 12:58:38 GMT">
  <testcase classname="Com.ComCast.CRM.OrgnizationTest.CreateOrgTest" name="createOrg" time="9.745"/>
  <testcase classname="Com.ComCast.CRM.OrgnizationTest.CreateOrgTest" name="createOrganizationWithIndustriesTest" time="11.095"/>
  <testcase classname="Com.ComCast.CRM.OrgnizationTest.CreateOrgTest" name="createOrgnizationWithPhoneNumberTest" time="10.445"/>
  <testcase classname="Com.ComCast.CRM.ContactTest.CreateContactTest" name="createContact" time="9.131"/>
  <testcase classname="Com.ComCast.CRM.ContactTest.CreateContactTest" name="createContactWithOrgTest" time="20.793"/>
  <testcase classname="Com.ComCast.CRM.ContactTest.CreateContactTest" name="createContactWithSupportStartDateAndEndDateTest" time="10.163"/>
  <testcase classname="Com.ComCast.CRM.Generic.BaseUtility.BaseClass" name="@AfterSuite configAS" time="0.0">
    <ignored/>
  </testcase> <!-- @AfterSuite configAS -->
  <testcase classname="Com.ComCast.CRM.Generic.BaseUtility.BaseClass" name="@BeforeSuite configBS" time="0.0">
    <ignored/>
  </testcase> <!-- @BeforeSuite configBS -->
</testsuite> <!-- TestRunner-Firefox -->
