<?xml version="1.0" encoding="UTF-8"?>
<!-- Generated by org.testng.reporters.JUnitXMLReporter -->
<testsuite ignored="2" hostname="DESKTOP-ADVCTHG" failures="0" tests="1" name="Test" time="13.622" errors="0" timestamp="13 Mar 2025 10:47:04 GMT">
  <testcase classname="Com.ComCast.CRM.OrgnizationTest.CreateOrgTest" name="createOrg" time="7.378"/>
  <testcase classname="Com.ComCast.CRM.OrgnizationTest.CreateOrgTest" name="createOrganizationWithIndustriesTest" time="0.0">
    <ignored/>
  </testcase> <!-- createOrganizationWithIndustriesTest -->
  <testcase classname="Com.ComCast.CRM.OrgnizationTest.CreateOrgTest" name="createOrgnizationWithPhoneNumberTest" time="0.0">
    <ignored/>
  </testcase> <!-- createOrgnizationWithPhoneNumberTest -->
</testsuite> <!-- Test -->
