<?xml version="1.0" encoding="UTF-8"?>
<!-- Generated by org.testng.reporters.JUnitXMLReporter -->
<testsuite ignored="2" hostname="DESKTOP-ADVCTHG" failures="0" tests="6" name="TestRunner-Chrome" time="106.597" errors="0" timestamp="27 Feb 2025 12:58:39 GMT">
  <testcase classname="Com.ComCast.CRM.OrgnizationTest.CreateOrgTest" name="createOrg" time="8.177"/>
  <testcase classname="Com.ComCast.CRM.OrgnizationTest.CreateOrgTest" name="createOrganizationWithIndustriesTest" time="10.449"/>
  <testcase classname="Com.ComCast.CRM.OrgnizationTest.CreateOrgTest" name="createOrgnizationWithPhoneNumberTest" time="10.298"/>
  <testcase classname="Com.ComCast.CRM.ContactTest.CreateContactTest" name="createContact" time="10.276"/>
  <testcase classname="Com.ComCast.CRM.ContactTest.CreateContactTest" name="createContactWithOrgTest" time="23.48"/>
  <testcase classname="Com.ComCast.CRM.ContactTest.CreateContactTest" name="createContactWithSupportStartDateAndEndDateTest" time="9.691"/>
  <testcase classname="Com.ComCast.CRM.Generic.BaseUtility.BaseClass" name="@AfterSuite configAS" time="0.0">
    <ignored/>
  </testcase> <!-- @AfterSuite configAS -->
  <testcase classname="Com.ComCast.CRM.Generic.BaseUtility.BaseClass" name="@BeforeSuite configBS" time="0.0">
    <ignored/>
  </testcase> <!-- @BeforeSuite configBS -->
</testsuite> <!-- TestRunner-Chrome -->
