<?xml version="1.0" encoding="UTF-8"?>
<!-- Generated by org.testng.reporters.JUnitXMLReporter -->
<testsuite ignored="1" hostname="DESKTOP-ADVCTHG" failures="1" tests="1" name="Default test(failed)(failed)" time="8.078" errors="0" timestamp="04 Mar 2025 07:14:07 GMT">
  <testcase classname="practice_testcases.InvoiceTest" name="createInvoice" time="0.135">
    <failure type="java.lang.AssertionError" message="expected [Home] but found [Administrator - Home - vtiger CRM 5 - Commercial Open Source CRM]">
      <![CDATA[java.lang.AssertionError: expected [Home] but found [Administrator - Home - vtiger CRM 5 - Commercial Open Source CRM]
at practice_testcases.InvoiceTest.createInvoice(InvoiceTest.java:15)
... Removed 29 stack frames]]>
    </failure>
  </testcase> <!-- createInvoice -->
  <testcase classname="practice_testcases.InvoiceTest" name="createInvoiceWithContact" time="0.0">
    <ignored/>
  </testcase> <!-- createInvoiceWithContact -->
</testsuite> <!-- Default test(failed)(failed) -->
