<?xml version="1.0" encoding="UTF-8"?>
<!-- Generated by org.testng.reporters.JUnitXMLReporter -->
<testsuite ignored="1" hostname="DESKTOP-ADVCTHG" failures="0" tests="1" name="Default test(failed)" time="8.319" errors="0" timestamp="04 Mar 2025 07:23:59 GMT">
  <testcase classname="practice_testcases.InvoiceTest" name="createInvoice" time="0.09"/>
  <testcase classname="practice_testcases.InvoiceTest" name="createInvoiceWithContact" time="0.0">
    <ignored/>
  </testcase> <!-- createInvoiceWithContact -->
</testsuite> <!-- Default test(failed) -->
