<?xml version="1.0" encoding="UTF-8"?>
<testng-results ignored="0" total="1" passed="1" failed="0" skipped="0">
  <reporter-output>
  </reporter-output>
  <suite started-at="2025-03-29T15:06:34Z" name="Default suite" finished-at="2025-03-29T15:06:56Z" duration-ms="21839">
    <groups>
    </groups>
    <test started-at="2025-03-29T15:06:34Z" name="Default test" finished-at="2025-03-29T15:06:56Z" duration-ms="21839">
      <class name="Com.ComCast.CRM.ProductTest.CreateProductTest">
        <test-method is-config="true" signature="configBS()[pri:0, instance:Com.ComCast.CRM.ProductTest.CreateProductTest@132e0cc]" started-at="2025-03-29T15:06:33Z" name="configBS" finished-at="2025-03-29T15:06:34Z" duration-ms="667" status="PASS">
          <reporter-output>
          </reporter-output>
        </test-method> <!-- configBS -->
        <test-method is-config="true" signature="configBC()[pri:0, instance:Com.ComCast.CRM.ProductTest.CreateProductTest@132e0cc]" started-at="2025-03-29T15:06:34Z" name="configBC" finished-at="2025-03-29T15:06:37Z" duration-ms="3467" status="PASS">
          <reporter-output>
          </reporter-output>
        </test-method> <!-- configBC -->
        <test-method is-config="true" signature="configBM()[pri:0, instance:Com.ComCast.CRM.ProductTest.CreateProductTest@132e0cc]" started-at="2025-03-29T15:06:37Z" name="configBM" finished-at="2025-03-29T15:06:41Z" duration-ms="4053" status="PASS">
          <reporter-output>
          </reporter-output>
        </test-method> <!-- configBM -->
        <test-method signature="createProduct()[pri:0, instance:Com.ComCast.CRM.ProductTest.CreateProductTest@132e0cc]" started-at="2025-03-29T15:06:41Z" name="createProduct" finished-at="2025-03-29T15:06:54Z" duration-ms="12149" status="PASS">
          <reporter-output>
          </reporter-output>
        </test-method> <!-- createProduct -->
        <test-method is-config="true" signature="configAM()[pri:0, instance:Com.ComCast.CRM.ProductTest.CreateProductTest@132e0cc]" started-at="2025-03-29T15:06:54Z" name="configAM" finished-at="2025-03-29T15:06:55Z" duration-ms="1845" status="PASS">
          <reporter-output>
          </reporter-output>
        </test-method> <!-- configAM -->
        <test-method is-config="true" signature="configAC()[pri:0, instance:Com.ComCast.CRM.ProductTest.CreateProductTest@132e0cc]" started-at="2025-03-29T15:06:55Z" name="configAC" finished-at="2025-03-29T15:06:56Z" duration-ms="298" status="PASS">
          <reporter-output>
          </reporter-output>
        </test-method> <!-- configAC -->
        <test-method is-config="true" signature="configAS()[pri:0, instance:Com.ComCast.CRM.ProductTest.CreateProductTest@132e0cc]" started-at="2025-03-29T15:06:56Z" name="configAS" finished-at="2025-03-29T15:06:56Z" duration-ms="10" status="PASS">
          <reporter-output>
          </reporter-output>
        </test-method> <!-- configAS -->
      </class> <!-- Com.ComCast.CRM.ProductTest.CreateProductTest -->
    </test> <!-- Default test -->
  </suite> <!-- Default suite -->
</testng-results>
